2023-08-08 13:43:56,662.continuous_location.INFO =============================================================
2023-08-08 13:43:56,662.continuous_location.INFO Today is 2023-08-08 at 01:43 PM
2023-08-08 13:43:56,662.continuous_location.INFO This file is running on: nt Windows 10
2023-08-08 13:43:56,662.continuous_location.INFO The Python version is: 3.11.1
2023-08-08 13:43:56,662.continuous_location.INFO The active environment path is:   C:\Users\jorda\OneDrive\Desktop\Northwest Homework\1. Continuous Intellgience\Module 7\cintel-live-updates-final\.venv
2023-08-08 13:43:56,662.continuous_location.INFO The current working directory is: C:\Users\jorda\OneDrive\Desktop\Northwest Homework\1. Continuous Intellgience\Module 7\cintel-live-updates-final
2023-08-08 13:43:56,662.continuous_location.INFO =============================================================
2023-08-08 13:44:04,066.continuous_location.INFO Calling update_csv_location
2023-08-08 13:44:04,066.continuous_location.INFO update_interval: 60
2023-08-08 13:44:04,066.continuous_location.INFO total_runtime: 900
2023-08-08 13:44:04,066.continuous_location.INFO num_updates: 40
2023-08-08 13:44:04,066.continuous_location.INFO Initialized csv file at C:\Users\jorda\OneDrive\Desktop\Northwest Homework\1. Continuous Intellgience\Module 7\cintel-live-updates-final\data\mtcars_location.csv
2023-08-08 13:44:04,067.continuous_location.INFO Calling get_temperature_from_openweathermap for {lat}, {long}}
2023-08-08 13:44:04,067.continuous_location.INFO Calling fetch_from_url for https://api.openweathermap.org/data/2.5/weather?lat=47.903237&lon=-91.867087&appid=700c64b72b5ac9d9d588a185e636d044&units=imperial
2023-08-08 13:44:04,540.continuous_location.INFO Data from openweathermap: <fetch.HttpResponse object at 0x0000022951D87910>
2023-08-08 13:44:04,540.continuous_location.INFO Calling get_temperature_from_openweathermap for {lat}, {long}}
2023-08-08 13:44:04,541.continuous_location.INFO Calling fetch_from_url for https://api.openweathermap.org/data/2.5/weather?lat=36.5323&lon=-116.93&appid=700c64b72b5ac9d9d588a185e636d044&units=imperial
2023-08-08 13:44:04,938.continuous_location.INFO Data from openweathermap: <fetch.HttpResponse object at 0x0000022951D87650>
2023-08-08 13:44:04,938.continuous_location.INFO Calling get_temperature_from_openweathermap for {lat}, {long}}
2023-08-08 13:44:04,939.continuous_location.INFO Calling fetch_from_url for https://api.openweathermap.org/data/2.5/weather?lat=40.346102&lon=-94.872471&appid=700c64b72b5ac9d9d588a185e636d044&units=imperial
2023-08-08 13:44:05,358.continuous_location.INFO Data from openweathermap: <fetch.HttpResponse object at 0x0000022951D86F50>
2023-08-08 13:44:05,359.continuous_location.INFO Calling get_temperature_from_openweathermap for {lat}, {long}}
2023-08-08 13:44:05,359.continuous_location.INFO Calling fetch_from_url for https://api.openweathermap.org/data/2.5/weather?lat=40.2&lon=-93.15&appid=700c64b72b5ac9d9d588a185e636d044&units=imperial
2023-08-08 13:44:05,746.continuous_location.INFO Data from openweathermap: <fetch.HttpResponse object at 0x0000022951D86E90>
2023-08-08 13:44:05,750.continuous_location.INFO Saving temperatures to C:\Users\jorda\OneDrive\Desktop\Northwest Homework\1. Continuous Intellgience\Module 7\cintel-live-updates-final\data\mtcars_location.csv
