2023-08-10 22:38:21,623.mtcars_server.INFO =============================================================
2023-08-10 22:38:21,623.mtcars_server.INFO Today is 2023-08-10 at 10:38 PM
2023-08-10 22:38:21,623.mtcars_server.INFO This file is running on: nt Windows 10
2023-08-10 22:38:21,623.mtcars_server.INFO The Python version is: 3.11.1
2023-08-10 22:38:21,623.mtcars_server.INFO The active environment path is:   C:\Users\jorda\OneDrive\Desktop\Northwest Homework\1. Continuous Intellgience\Module 7\cintel-final\.venv
2023-08-10 22:38:21,624.mtcars_server.INFO The current working directory is: C:\Users\jorda\OneDrive\Desktop\Northwest Homework\1. Continuous Intellgience\Module 7\cintel-final
2023-08-10 22:38:21,624.mtcars_server.INFO =============================================================
2023-08-10 22:38:23,068.mtcars_server.DEBUG filter message: Showing 32 of 32 records
2023-08-10 22:38:23,121.mtcars_server.INFO Starting mtcars_output_widget1
2023-08-10 22:38:23,467.mtcars_server.INFO Starting mtcars_plot1
2023-08-10 22:38:24,270.mtcars_server.INFO READING df from C:\Users\jorda\OneDrive\Desktop\Northwest Homework\1. Continuous Intellgience\Module 7\cintel-final\data\mtcars_location.csv
2023-08-10 22:38:24,272.mtcars_server.INFO READING df len 4
2023-08-10 22:38:24,272.mtcars_server.INFO init reactive_temp_df len: 4
2023-08-10 22:38:24,273.mtcars_server.INFO mtcars_temperature_location_string starting
2023-08-10 22:38:24,273.mtcars_server.INFO Recent weather in F for ELY MN. 
Updated once per minute for 15 minutes.
Keeps the most recent 10 minutes of data.
2023-08-10 22:38:24,274.mtcars_server.INFO Rendering TEMP table with 1 rows
2023-08-10 22:38:24,276.mtcars_server.INFO Rendering TEMP chart with 1 points
2023-08-10 22:38:24,318.mtcars_server.INFO READING df from C:\Users\jorda\OneDrive\Desktop\Northwest Homework\1. Continuous Intellgience\Module 7\cintel-final\data\mtcars_stock.csv
2023-08-10 22:38:24,319.mtcars_server.INFO READING df len 30
2023-08-10 22:38:24,319.mtcars_server.INFO init reactive_price_df len: 30
2023-08-10 22:38:24,320.mtcars_server.INFO mtcars_price_stocks_string starting
2023-08-10 22:38:24,320.mtcars_server.INFO Recent Price in USD for Cadence Design Systems.
Updated once per minute for 15 minutes.
Keeps the most recent 10 minutes of data.
2023-08-10 22:38:24,321.mtcars_server.INFO mtcars_price_stocks_daily_high starting
2023-08-10 22:38:24,321.mtcars_server.INFO READING df len 30
2023-08-10 22:38:24,321.mtcars_server.INFO Rendering Price table with 3 rows
2023-08-10 22:38:24,322.mtcars_server.INFO READING df_stocks_high 225.61
2023-08-10 22:38:24,322.mtcars_server.INFO The daily high for Cadence Design Systems is 225.61.
2023-08-10 22:38:24,323.mtcars_server.INFO Rendering Price table with 3 rows
2023-08-10 22:38:24,325.mtcars_server.INFO Rendering Price chart with 3 points
2023-08-10 22:38:29,230.mtcars_server.INFO mtcars_price_stocks_daily_high starting
2023-08-10 22:38:29,230.mtcars_server.INFO READING df from C:\Users\jorda\OneDrive\Desktop\Northwest Homework\1. Continuous Intellgience\Module 7\cintel-final\data\mtcars_stock.csv
2023-08-10 22:38:29,235.mtcars_server.INFO READING df len 10
2023-08-10 22:38:29,235.mtcars_server.INFO READING df len 10
2023-08-10 22:38:29,235.mtcars_server.INFO Rendering Price table with 1 rows
2023-08-10 22:38:29,236.mtcars_server.INFO READING df_stocks_high 225.61
2023-08-10 22:38:29,236.mtcars_server.INFO The daily high for Cadence Design Systems is 225.61.
2023-08-10 22:38:29,237.mtcars_server.INFO Rendering Price table with 1 rows
2023-08-10 22:38:29,238.mtcars_server.INFO Rendering Price chart with 1 points
